<?xml version="1.0" encoding="UTF-8"?>
<!-- Generated by org.testng.reporters.JUnitReportReporter -->
<testsuite hostname="Mahesh_PC" failures="0" tests="6" name="runner.TestRunner" time="34.845" errors="0" timestamp="2024-07-16T18:09:07 CDT" skipped="0">
  <testcase classname="runner.TestRunner" name="runScenario" time="12.324"/>
  <testcase classname="runner.TestRunner" name="runScenario" time="5.222"/>
  <testcase classname="runner.TestRunner" name="runScenario" time="5.129"/>
  <testcase classname="runner.TestRunner" name="runScenario" time="4.179"/>
  <testcase classname="runner.TestRunner" name="runScenario" time="3.937"/>
  <testcase classname="runner.TestRunner" name="runScenario" time="4.054"/>
</testsuite> <!-- runner.TestRunner -->
