<?xml version="1.0" encoding="UTF-8"?>
<!-- Generated by org.testng.reporters.JUnitReportReporter -->
<testsuite hostname="Mahesh_PC" failures="1" tests="59" name="runner.ParallelTestRunner" time="835.201" errors="33" timestamp="2024-07-16T17:50:54 CDT" skipped="0">
  <testcase classname="runner.ParallelTestRunner" name="runScenario" time="18.175"/>
  <testcase classname="runner.ParallelTestRunner" name="runScenario" time="26.729">
    <error message="Keys to send should be a not null CharSequence" type="java.lang.IllegalArgumentException">
      <![CDATA[java.lang.IllegalArgumentException: Keys to send should be a not null CharSequence
at org.openqa.selenium.remote.RemoteWebElement.sendKeys(RemoteWebElement.java:96)
at java.base/jdk.internal.reflect.DirectMethodHandleAccessor.invoke(DirectMethodHandleAccessor.java:103)
at java.base/java.lang.reflect.Method.invoke(Method.java:580)
at org.openqa.selenium.support.pagefactory.internal.LocatingElementHandler.invoke(LocatingElementHandler.java:51)
at jdk.proxy2/jdk.proxy2.$Proxy30.sendKeys(Unknown Source)
at pages.LoginPage.enterDataForLogin(LoginPage.java:43)
at pages.LoginPage.enterExcelDataForLogin(LoginPage.java:81)
at stepDefinitions.Common_stepDef.user_enters_sheet(Common_stepDef.java:48)
at ✽.user enters sheet 'tryEditor' and 5(file:///C:/Users/manal_/git/DSAlgoTechTitans/DSAlgoPortal/src/test/resources/features/Graph.feature:66)
]]>
    </error>
  </testcase> <!-- runScenario -->
  <testcase classname="runner.ParallelTestRunner" name="runScenario" time="11.918"/>
  <testcase classname="runner.ParallelTestRunner" name="runScenario" time="16.185">
    <error message="Keys to send should be a not null CharSequence" type="java.lang.IllegalArgumentException">
      <![CDATA[java.lang.IllegalArgumentException: Keys to send should be a not null CharSequence
at org.openqa.selenium.remote.RemoteWebElement.sendKeys(RemoteWebElement.java:96)
at java.base/jdk.internal.reflect.DirectMethodHandleAccessor.invoke(DirectMethodHandleAccessor.java:103)
at java.base/java.lang.reflect.Method.invoke(Method.java:580)
at org.openqa.selenium.support.pagefactory.internal.LocatingElementHandler.invoke(LocatingElementHandler.java:51)
at jdk.proxy2/jdk.proxy2.$Proxy30.sendKeys(Unknown Source)
at pages.LoginPage.enterDataForLogin(LoginPage.java:43)
at pages.LoginPage.enterExcelDataForLogin(LoginPage.java:81)
at stepDefinitions.Common_stepDef.user_enters_sheet(Common_stepDef.java:48)
at ✽.user enters sheet 'tryEditor' and 4(file:///C:/Users/manal_/git/DSAlgoTechTitans/DSAlgoPortal/src/test/resources/features/Tree.feature:202)
]]>
    </error>
  </testcase> <!-- runScenario -->
  <testcase classname="runner.ParallelTestRunner" name="runScenario" time="13.389">
    <error message="Keys to send should be a not null CharSequence" type="java.lang.IllegalArgumentException">
      <![CDATA[java.lang.IllegalArgumentException: Keys to send should be a not null CharSequence
at org.openqa.selenium.remote.RemoteWebElement.sendKeys(RemoteWebElement.java:96)
at java.base/jdk.internal.reflect.DirectMethodHandleAccessor.invoke(DirectMethodHandleAccessor.java:103)
at java.base/java.lang.reflect.Method.invoke(Method.java:580)
at org.openqa.selenium.support.pagefactory.internal.LocatingElementHandler.invoke(LocatingElementHandler.java:51)
at jdk.proxy2/jdk.proxy2.$Proxy30.sendKeys(Unknown Source)
at pages.LoginPage.enterDataForLogin(LoginPage.java:43)
at pages.LoginPage.enterExcelDataForLogin(LoginPage.java:81)
at stepDefinitions.Common_stepDef.user_enters_sheet(Common_stepDef.java:48)
at ✽.user enters sheet 'tryEditor' and 4(file:///C:/Users/manal_/git/DSAlgoTechTitans/DSAlgoPortal/src/test/resources/features/Tree.feature:292)
]]>
    </error>
  </testcase> <!-- runScenario -->
  <testcase classname="runner.ParallelTestRunner" name="runScenario" time="8.466">
    <error message="Keys to send should be a not null CharSequence" type="java.lang.IllegalArgumentException">
      <![CDATA[java.lang.IllegalArgumentException: Keys to send should be a not null CharSequence
at org.openqa.selenium.remote.RemoteWebElement.sendKeys(RemoteWebElement.java:96)
at java.base/jdk.internal.reflect.DirectMethodHandleAccessor.invoke(DirectMethodHandleAccessor.java:103)
at java.base/java.lang.reflect.Method.invoke(Method.java:580)
at org.openqa.selenium.support.pagefactory.internal.LocatingElementHandler.invoke(LocatingElementHandler.java:51)
at jdk.proxy2/jdk.proxy2.$Proxy30.sendKeys(Unknown Source)
at pages.LoginPage.enterDataForLogin(LoginPage.java:43)
at pages.LoginPage.enterExcelDataForLogin(LoginPage.java:81)
at stepDefinitions.Common_stepDef.user_enters_sheet(Common_stepDef.java:48)
at ✽.user enters sheet 'tryEditor' and 4(file:///C:/Users/manal_/git/DSAlgoTechTitans/DSAlgoPortal/src/test/resources/features/Tree.feature:352)
]]>
    </error>
  </testcase> <!-- runScenario -->
  <testcase classname="runner.ParallelTestRunner" name="runScenario" time="23.153">
    <error type="java.lang.NullPointerException">
      <![CDATA[java.lang.NullPointerException
at java.base/java.io.File.<init>(File.java:278)
at utilities.ExcelReader.getData(ExcelReader.java:26)
at pages.CommonPage.try_python_script_excel(CommonPage.java:122)
at stepDefinitions.DataStructureIntro_stepDef.user_executes_pythonCode_from_Excel_successfully(DataStructureIntro_stepDef.java:70)
at ✽.user runs the code from  sheetname "tryEditor" and row number 2(file:///C:/Users/manal_/git/DSAlgoTechTitans/DSAlgoPortal/src/test/resources/features/DataStructureIntroduction.feature:82)
]]>
    </error>
  </testcase> <!-- runScenario -->
  <testcase classname="runner.ParallelTestRunner" name="runScenario" time="11.748"/>
  <testcase classname="runner.ParallelTestRunner" name="runScenario" time="16.275">
    <error message="Keys to send should be a not null CharSequence" type="java.lang.IllegalArgumentException">
      <![CDATA[java.lang.IllegalArgumentException: Keys to send should be a not null CharSequence
at org.openqa.selenium.remote.RemoteWebElement.sendKeys(RemoteWebElement.java:96)
at java.base/jdk.internal.reflect.DirectMethodHandleAccessor.invoke(DirectMethodHandleAccessor.java:103)
at java.base/java.lang.reflect.Method.invoke(Method.java:580)
at org.openqa.selenium.support.pagefactory.internal.LocatingElementHandler.invoke(LocatingElementHandler.java:51)
at jdk.proxy2/jdk.proxy2.$Proxy30.sendKeys(Unknown Source)
at pages.LoginPage.enterDataForLogin(LoginPage.java:43)
at pages.LoginPage.enterExcelDataForLogin(LoginPage.java:81)
at stepDefinitions.Common_stepDef.user_enters_sheet(Common_stepDef.java:48)
at ✽.user enters sheet 'tryEditor' and 5(file:///C:/Users/manal_/git/DSAlgoTechTitans/DSAlgoPortal/src/test/resources/features/Tree.feature:127)
]]>
    </error>
  </testcase> <!-- runScenario -->
  <testcase classname="runner.ParallelTestRunner" name="runScenario" time="14.917">
    <error message="Keys to send should be a not null CharSequence" type="java.lang.IllegalArgumentException">
      <![CDATA[java.lang.IllegalArgumentException: Keys to send should be a not null CharSequence
at org.openqa.selenium.remote.RemoteWebElement.sendKeys(RemoteWebElement.java:96)
at java.base/jdk.internal.reflect.DirectMethodHandleAccessor.invoke(DirectMethodHandleAccessor.java:103)
at java.base/java.lang.reflect.Method.invoke(Method.java:580)
at org.openqa.selenium.support.pagefactory.internal.LocatingElementHandler.invoke(LocatingElementHandler.java:51)
at jdk.proxy2/jdk.proxy2.$Proxy30.sendKeys(Unknown Source)
at pages.LoginPage.enterDataForLogin(LoginPage.java:43)
at pages.LoginPage.enterExcelDataForLogin(LoginPage.java:81)
at stepDefinitions.Common_stepDef.user_enters_sheet(Common_stepDef.java:48)
at ✽.user enters sheet 'tryEditor' and 5(file:///C:/Users/manal_/git/DSAlgoTechTitans/DSAlgoPortal/src/test/resources/features/Tree.feature:247)
]]>
    </error>
  </testcase> <!-- runScenario -->
  <testcase classname="runner.ParallelTestRunner" name="runScenario" time="7.799"/>
  <testcase classname="runner.ParallelTestRunner" name="runScenario" time="14.508"/>
  <testcase classname="runner.ParallelTestRunner" name="runScenario" time="9.655">
    <error message="Fail to save: an error occurs while saving the package : The part /xl/worksheets/sheet3.xml failed to be saved in the stream with marshaller org.apache.poi.openxml4j.opc.internal.marshallers.DefaultMarshaller@6e807ba4. Enable logging via Log4j 2 for more details." type="org.apache.poi.openxml4j.exceptions.OpenXML4JRuntimeException">
      <![CDATA[org.apache.poi.openxml4j.exceptions.OpenXML4JRuntimeException: Fail to save: an error occurs while saving the package : The part /xl/worksheets/sheet3.xml failed to be saved in the stream with marshaller org.apache.poi.openxml4j.opc.internal.marshallers.DefaultMarshaller@6e807ba4. Enable logging via Log4j 2 for more details.
at org.apache.poi.openxml4j.opc.ZipPackage.saveImpl(ZipPackage.java:604)
at org.apache.poi.openxml4j.opc.OPCPackage.save(OPCPackage.java:1531)
at org.apache.poi.openxml4j.opc.OPCPackage.save(OPCPackage.java:1518)
at org.apache.poi.openxml4j.opc.ZipPackage.closeImpl(ZipPackage.java:476)
at org.apache.poi.openxml4j.opc.OPCPackage.close(OPCPackage.java:502)
at org.apache.poi.ooxml.POIXMLDocument.close(POIXMLDocument.java:189)
at org.apache.poi.xssf.usermodel.XSSFWorkbook.close(XSSFWorkbook.java:642)
at utilities.ExcelReader.getData(ExcelReader.java:28)
at pages.LoginPage.enterExcelDataForLogin(LoginPage.java:76)
at stepDefinitions.Common_stepDef.user_enters_sheet(Common_stepDef.java:48)
at ✽.user enters sheet "tryEditor" and 0(file:///C:/Users/manal_/git/DSAlgoTechTitans/DSAlgoPortal/src/test/resources/features/DataStructureIntroduction.feature:48)
Caused by: org.apache.poi.openxml4j.exceptions.OpenXML4JException: The part /xl/worksheets/sheet3.xml failed to be saved in the stream with marshaller org.apache.poi.openxml4j.opc.internal.marshallers.DefaultMarshaller@6e807ba4. Enable logging via Log4j 2 for more details.
at org.apache.poi.openxml4j.opc.ZipPackage.saveImpl(ZipPackage.java:593)
at org.apache.poi.openxml4j.opc.OPCPackage.save(OPCPackage.java:1531)
at org.apache.poi.openxml4j.opc.OPCPackage.save(OPCPackage.java:1518)
at org.apache.poi.openxml4j.opc.ZipPackage.closeImpl(ZipPackage.java:476)
at org.apache.poi.openxml4j.opc.OPCPackage.close(OPCPackage.java:502)
at org.apache.poi.ooxml.POIXMLDocument.close(POIXMLDocument.java:189)
at org.apache.poi.xssf.usermodel.XSSFWorkbook.close(XSSFWorkbook.java:642)
at utilities.ExcelReader.getData(ExcelReader.java:28)
at pages.LoginPage.enterExcelDataForLogin(LoginPage.java:76)
at stepDefinitions.Common_stepDef.user_enters_sheet(Common_stepDef.java:48)
at java.base/jdk.internal.reflect.DirectMethodHandleAccessor.invoke(DirectMethodHandleAccessor.java:103)
at java.base/java.lang.reflect.Method.invoke(Method.java:580)
at io.cucumber.java.Invoker.doInvoke(Invoker.java:66)
at io.cucumber.java.Invoker.invoke(Invoker.java:24)
at io.cucumber.java.AbstractGlueDefinition.invokeMethod(AbstractGlueDefinition.java:47)
at io.cucumber.java.JavaStepDefinition.execute(JavaStepDefinition.java:29)
at io.cucumber.core.runner.CoreStepDefinition.execute(CoreStepDefinition.java:66)
at io.cucumber.core.runner.PickleStepDefinitionMatch.runStep(PickleStepDefinitionMatch.java:63)
at io.cucumber.core.runner.ExecutionMode$1.execute(ExecutionMode.java:10)
at io.cucumber.core.runner.TestStep.executeStep(TestStep.java:81)
at io.cucumber.core.runner.TestStep.run(TestStep.java:53)
at io.cucumber.core.runner.PickleStepTestStep.run(PickleStepTestStep.java:51)
at io.cucumber.core.runner.TestCase.run(TestCase.java:84)
at io.cucumber.core.runner.Runner.runPickle(Runner.java:75)
at io.cucumber.testng.TestNGCucumberRunner.lambda$runScenario$1(TestNGCucumberRunner.java:132)
at io.cucumber.core.runtime.CucumberExecutionContext.lambda$runTestCase$5(CucumberExecutionContext.java:136)
at io.cucumber.core.runtime.RethrowingThrowableCollector.executeAndThrow(RethrowingThrowableCollector.java:23)
at io.cucumber.core.runtime.CucumberExecutionContext.runTestCase(CucumberExecutionContext.java:136)
at io.cucumber.testng.TestNGCucumberRunner.runScenario(TestNGCucumberRunner.java:129)
at io.cucumber.testng.AbstractTestNGCucumberTests.runScenario(AbstractTestNGCucumberTests.java:35)
at java.base/jdk.internal.reflect.DirectMethodHandleAccessor.invoke(DirectMethodHandleAccessor.java:103)
at java.base/java.lang.reflect.Method.invoke(Method.java:580)
at org.testng.internal.invokers.MethodInvocationHelper.invokeMethod(MethodInvocationHelper.java:141)
at org.testng.internal.invokers.TestInvoker.invokeMethod(TestInvoker.java:686)
at org.testng.internal.invokers.TestInvoker.invokeTestMethod(TestInvoker.java:230)
at org.testng.internal.invokers.TestMethodWithDataProviderMethodWorker.call(TestMethodWithDataProviderMethodWorker.java:81)
at org.testng.internal.thread.Async$AsyncTask.run(Async.java:34)
at java.base/java.util.concurrent.ThreadPoolExecutor.runWorker(ThreadPoolExecutor.java:1144)
at java.base/java.util.concurrent.ThreadPoolExecutor$Worker.run(ThreadPoolExecutor.java:642)
at java.base/java.lang.Thread.run(Thread.java:1570)
]]>
    </error>
  </testcase> <!-- runScenario -->
  <testcase classname="runner.ParallelTestRunner" name="runScenario" time="12.720">
    <error message="Keys to send should be a not null CharSequence" type="java.lang.IllegalArgumentException">
      <![CDATA[java.lang.IllegalArgumentException: Keys to send should be a not null CharSequence
at org.openqa.selenium.remote.RemoteWebElement.sendKeys(RemoteWebElement.java:96)
at java.base/jdk.internal.reflect.DirectMethodHandleAccessor.invoke(DirectMethodHandleAccessor.java:103)
at java.base/java.lang.reflect.Method.invoke(Method.java:580)
at org.openqa.selenium.support.pagefactory.internal.LocatingElementHandler.invoke(LocatingElementHandler.java:51)
at jdk.proxy2/jdk.proxy2.$Proxy30.sendKeys(Unknown Source)
at pages.LoginPage.enterDataForLogin(LoginPage.java:43)
at pages.LoginPage.enterExcelDataForLogin(LoginPage.java:81)
at stepDefinitions.Common_stepDef.user_enters_sheet(Common_stepDef.java:48)
at ✽.user enters sheet 'tryEditor' and 5(file:///C:/Users/manal_/git/DSAlgoTechTitans/DSAlgoPortal/src/test/resources/features/Tree.feature:367)
]]>
    </error>
  </testcase> <!-- runScenario -->
  <testcase classname="runner.ParallelTestRunner" name="runScenario" time="7.888"/>
  <testcase classname="runner.ParallelTestRunner" name="runScenario" time="13.200"/>
  <testcase classname="runner.ParallelTestRunner" name="runScenario" time="14.228">
    <error message="Keys to send should be a not null CharSequence" type="java.lang.IllegalArgumentException">
      <![CDATA[java.lang.IllegalArgumentException: Keys to send should be a not null CharSequence
at org.openqa.selenium.remote.RemoteWebElement.sendKeys(RemoteWebElement.java:96)
at java.base/jdk.internal.reflect.DirectMethodHandleAccessor.invoke(DirectMethodHandleAccessor.java:103)
at java.base/java.lang.reflect.Method.invoke(Method.java:580)
at org.openqa.selenium.support.pagefactory.internal.LocatingElementHandler.invoke(LocatingElementHandler.java:51)
at jdk.proxy2/jdk.proxy2.$Proxy30.sendKeys(Unknown Source)
at pages.LoginPage.enterDataForLogin(LoginPage.java:43)
at pages.LoginPage.enterExcelDataForLogin(LoginPage.java:81)
at stepDefinitions.Common_stepDef.user_enters_sheet(Common_stepDef.java:48)
at ✽.user enters sheet 'tryEditor' and 5(file:///C:/Users/manal_/git/DSAlgoTechTitans/DSAlgoPortal/src/test/resources/features/Tree.feature:157)
]]>
    </error>
  </testcase> <!-- runScenario -->
  <testcase classname="runner.ParallelTestRunner" name="runScenario" time="10.041">
    <error message="Keys to send should be a not null CharSequence" type="java.lang.IllegalArgumentException">
      <![CDATA[java.lang.IllegalArgumentException: Keys to send should be a not null CharSequence
at org.openqa.selenium.remote.RemoteWebElement.sendKeys(RemoteWebElement.java:96)
at java.base/jdk.internal.reflect.DirectMethodHandleAccessor.invoke(DirectMethodHandleAccessor.java:103)
at java.base/java.lang.reflect.Method.invoke(Method.java:580)
at org.openqa.selenium.support.pagefactory.internal.LocatingElementHandler.invoke(LocatingElementHandler.java:51)
at jdk.proxy2/jdk.proxy2.$Proxy30.sendKeys(Unknown Source)
at pages.LoginPage.enterDataForLogin(LoginPage.java:43)
at pages.LoginPage.enterExcelDataForLogin(LoginPage.java:81)
at stepDefinitions.Common_stepDef.user_enters_sheet(Common_stepDef.java:48)
at ✽.user enters sheet 'tryEditor' and 5(file:///C:/Users/manal_/git/DSAlgoTechTitans/DSAlgoPortal/src/test/resources/features/Tree.feature:337)
]]>
    </error>
  </testcase> <!-- runScenario -->
  <testcase classname="runner.ParallelTestRunner" name="runScenario" time="8.730"/>
  <testcase classname="runner.ParallelTestRunner" name="runScenario" time="35.957"/>
  <testcase classname="runner.ParallelTestRunner" name="runScenario" time="20.305">
    <error message="Keys to send should be a not null CharSequence" type="java.lang.IllegalArgumentException">
      <![CDATA[java.lang.IllegalArgumentException: Keys to send should be a not null CharSequence
at org.openqa.selenium.remote.RemoteWebElement.sendKeys(RemoteWebElement.java:96)
at java.base/jdk.internal.reflect.DirectMethodHandleAccessor.invoke(DirectMethodHandleAccessor.java:103)
at java.base/java.lang.reflect.Method.invoke(Method.java:580)
at org.openqa.selenium.support.pagefactory.internal.LocatingElementHandler.invoke(LocatingElementHandler.java:51)
at jdk.proxy2/jdk.proxy2.$Proxy30.sendKeys(Unknown Source)
at pages.LoginPage.enterDataForLogin(LoginPage.java:43)
at pages.LoginPage.enterExcelDataForLogin(LoginPage.java:81)
at stepDefinitions.Common_stepDef.user_enters_sheet(Common_stepDef.java:48)
at ✽.user enters sheet 'tryEditor' and 4(file:///C:/Users/manal_/git/DSAlgoTechTitans/DSAlgoPortal/src/test/resources/features/Graph.feature:21)
]]>
    </error>
  </testcase> <!-- runScenario -->
  <testcase classname="runner.ParallelTestRunner" name="runScenario" time="12.757">
    <error message="Keys to send should be a not null CharSequence" type="java.lang.IllegalArgumentException">
      <![CDATA[java.lang.IllegalArgumentException: Keys to send should be a not null CharSequence
at org.openqa.selenium.remote.RemoteWebElement.sendKeys(RemoteWebElement.java:96)
at java.base/jdk.internal.reflect.DirectMethodHandleAccessor.invoke(DirectMethodHandleAccessor.java:103)
at java.base/java.lang.reflect.Method.invoke(Method.java:580)
at org.openqa.selenium.support.pagefactory.internal.LocatingElementHandler.invoke(LocatingElementHandler.java:51)
at jdk.proxy2/jdk.proxy2.$Proxy30.sendKeys(Unknown Source)
at pages.LoginPage.enterDataForLogin(LoginPage.java:43)
at pages.LoginPage.enterExcelDataForLogin(LoginPage.java:81)
at stepDefinitions.Common_stepDef.user_enters_sheet(Common_stepDef.java:48)
at ✽.user enters sheet 'tryEditor' and 4(file:///C:/Users/manal_/git/DSAlgoTechTitans/DSAlgoPortal/src/test/resources/features/Tree.feature:382)
]]>
    </error>
  </testcase> <!-- runScenario -->
  <testcase classname="runner.ParallelTestRunner" name="runScenario" time="7.920"/>
  <testcase classname="runner.ParallelTestRunner" name="runScenario" time="19.513">
    <error message="Keys to send should be a not null CharSequence" type="java.lang.IllegalArgumentException">
      <![CDATA[java.lang.IllegalArgumentException: Keys to send should be a not null CharSequence
at org.openqa.selenium.remote.RemoteWebElement.sendKeys(RemoteWebElement.java:96)
at java.base/jdk.internal.reflect.DirectMethodHandleAccessor.invoke(DirectMethodHandleAccessor.java:103)
at java.base/java.lang.reflect.Method.invoke(Method.java:580)
at org.openqa.selenium.support.pagefactory.internal.LocatingElementHandler.invoke(LocatingElementHandler.java:51)
at jdk.proxy2/jdk.proxy2.$Proxy30.sendKeys(Unknown Source)
at pages.LoginPage.enterDataForLogin(LoginPage.java:43)
at pages.LoginPage.enterExcelDataForLogin(LoginPage.java:81)
at stepDefinitions.Common_stepDef.user_enters_sheet(Common_stepDef.java:48)
at ✽.user enters sheet 'tryEditor' and 4(file:///C:/Users/manal_/git/DSAlgoTechTitans/DSAlgoPortal/src/test/resources/features/Tree.feature:172)
]]>
    </error>
  </testcase> <!-- runScenario -->
  <testcase classname="runner.ParallelTestRunner" name="runScenario" time="16.139"/>
  <testcase classname="runner.ParallelTestRunner" name="runScenario" time="12.911"/>
  <testcase classname="runner.ParallelTestRunner" name="runScenario" time="17.704"/>
  <testcase classname="runner.ParallelTestRunner" name="runScenario" time="14.923"/>
  <testcase classname="runner.ParallelTestRunner" name="runScenario" time="11.474">
    <error message="Keys to send should be a not null CharSequence" type="java.lang.IllegalArgumentException">
      <![CDATA[java.lang.IllegalArgumentException: Keys to send should be a not null CharSequence
at org.openqa.selenium.remote.RemoteWebElement.sendKeys(RemoteWebElement.java:96)
at java.base/jdk.internal.reflect.DirectMethodHandleAccessor.invoke(DirectMethodHandleAccessor.java:103)
at java.base/java.lang.reflect.Method.invoke(Method.java:580)
at org.openqa.selenium.support.pagefactory.internal.LocatingElementHandler.invoke(LocatingElementHandler.java:51)
at jdk.proxy2/jdk.proxy2.$Proxy30.sendKeys(Unknown Source)
at pages.LoginPage.enterDataForLogin(LoginPage.java:43)
at pages.LoginPage.enterExcelDataForLogin(LoginPage.java:81)
at stepDefinitions.Common_stepDef.user_enters_sheet(Common_stepDef.java:48)
at ✽.user enters sheet 'tryEditor' and 4(file:///C:/Users/manal_/git/DSAlgoTechTitans/DSAlgoPortal/src/test/resources/features/Tree.feature:262)
]]>
    </error>
  </testcase> <!-- runScenario -->
  <testcase classname="runner.ParallelTestRunner" name="runScenario" time="23.270"/>
  <testcase classname="runner.ParallelTestRunner" name="runScenario" time="25.279">
    <error message="Keys to send should be a not null CharSequence" type="java.lang.IllegalArgumentException">
      <![CDATA[java.lang.IllegalArgumentException: Keys to send should be a not null CharSequence
at org.openqa.selenium.remote.RemoteWebElement.sendKeys(RemoteWebElement.java:96)
at java.base/jdk.internal.reflect.DirectMethodHandleAccessor.invoke(DirectMethodHandleAccessor.java:103)
at java.base/java.lang.reflect.Method.invoke(Method.java:580)
at org.openqa.selenium.support.pagefactory.internal.LocatingElementHandler.invoke(LocatingElementHandler.java:51)
at jdk.proxy2/jdk.proxy2.$Proxy30.sendKeys(Unknown Source)
at pages.LoginPage.enterDataForLogin(LoginPage.java:43)
at pages.LoginPage.enterExcelDataForLogin(LoginPage.java:81)
at stepDefinitions.Common_stepDef.user_enters_sheet(Common_stepDef.java:48)
at ✽.user enters sheet 'tryEditor' and 4(file:///C:/Users/manal_/git/DSAlgoTechTitans/DSAlgoPortal/src/test/resources/features/Tree.feature:52)
]]>
    </error>
  </testcase> <!-- runScenario -->
  <testcase classname="runner.ParallelTestRunner" name="runScenario" time="6.560">
    <error message="Keys to send should be a not null CharSequence" type="java.lang.IllegalArgumentException">
      <![CDATA[java.lang.IllegalArgumentException: Keys to send should be a not null CharSequence
at org.openqa.selenium.remote.RemoteWebElement.sendKeys(RemoteWebElement.java:96)
at java.base/jdk.internal.reflect.DirectMethodHandleAccessor.invoke(DirectMethodHandleAccessor.java:103)
at java.base/java.lang.reflect.Method.invoke(Method.java:580)
at org.openqa.selenium.support.pagefactory.internal.LocatingElementHandler.invoke(LocatingElementHandler.java:51)
at jdk.proxy2/jdk.proxy2.$Proxy30.sendKeys(Unknown Source)
at pages.LoginPage.enterDataForLogin(LoginPage.java:43)
at pages.LoginPage.enterExcelDataForLogin(LoginPage.java:81)
at stepDefinitions.Common_stepDef.user_enters_sheet(Common_stepDef.java:48)
at ✽.user enters sheet 'tryEditor' and 5(file:///C:/Users/manal_/git/DSAlgoTechTitans/DSAlgoPortal/src/test/resources/features/Tree.feature:97)
]]>
    </error>
  </testcase> <!-- runScenario -->
  <testcase classname="runner.ParallelTestRunner" name="runScenario" time="11.715">
    <error message="Keys to send should be a not null CharSequence" type="java.lang.IllegalArgumentException">
      <![CDATA[java.lang.IllegalArgumentException: Keys to send should be a not null CharSequence
at org.openqa.selenium.remote.RemoteWebElement.sendKeys(RemoteWebElement.java:96)
at java.base/jdk.internal.reflect.DirectMethodHandleAccessor.invoke(DirectMethodHandleAccessor.java:103)
at java.base/java.lang.reflect.Method.invoke(Method.java:580)
at org.openqa.selenium.support.pagefactory.internal.LocatingElementHandler.invoke(LocatingElementHandler.java:51)
at jdk.proxy2/jdk.proxy2.$Proxy30.sendKeys(Unknown Source)
at pages.LoginPage.enterDataForLogin(LoginPage.java:43)
at pages.LoginPage.enterExcelDataForLogin(LoginPage.java:81)
at stepDefinitions.Common_stepDef.user_enters_sheet(Common_stepDef.java:48)
at ✽.user enters sheet 'tryEditor' and 4(file:///C:/Users/manal_/git/DSAlgoTechTitans/DSAlgoPortal/src/test/resources/features/Tree.feature:322)
]]>
    </error>
  </testcase> <!-- runScenario -->
  <testcase classname="runner.ParallelTestRunner" name="runScenario" time="11.387"/>
  <testcase classname="runner.ParallelTestRunner" name="runScenario" time="18.222">
    <error message="Keys to send should be a not null CharSequence" type="java.lang.IllegalArgumentException">
      <![CDATA[java.lang.IllegalArgumentException: Keys to send should be a not null CharSequence
at org.openqa.selenium.remote.RemoteWebElement.sendKeys(RemoteWebElement.java:96)
at java.base/jdk.internal.reflect.DirectMethodHandleAccessor.invoke(DirectMethodHandleAccessor.java:103)
at java.base/java.lang.reflect.Method.invoke(Method.java:580)
at org.openqa.selenium.support.pagefactory.internal.LocatingElementHandler.invoke(LocatingElementHandler.java:51)
at jdk.proxy2/jdk.proxy2.$Proxy30.sendKeys(Unknown Source)
at pages.LoginPage.enterDataForLogin(LoginPage.java:43)
at pages.LoginPage.enterExcelDataForLogin(LoginPage.java:81)
at stepDefinitions.Common_stepDef.user_enters_sheet(Common_stepDef.java:48)
at ✽.user enters sheet 'tryEditor' and 5(file:///C:/Users/manal_/git/DSAlgoTechTitans/DSAlgoPortal/src/test/resources/features/Tree.feature:67)
]]>
    </error>
  </testcase> <!-- runScenario -->
  <testcase classname="runner.ParallelTestRunner" name="runScenario" time="12.246"/>
  <testcase classname="runner.ParallelTestRunner" name="runScenario" time="12.018"/>
  <testcase classname="runner.ParallelTestRunner" name="runScenario" time="13.034">
    <error message="Keys to send should be a not null CharSequence" type="java.lang.IllegalArgumentException">
      <![CDATA[java.lang.IllegalArgumentException: Keys to send should be a not null CharSequence
at org.openqa.selenium.remote.RemoteWebElement.sendKeys(RemoteWebElement.java:96)
at java.base/jdk.internal.reflect.DirectMethodHandleAccessor.invoke(DirectMethodHandleAccessor.java:103)
at java.base/java.lang.reflect.Method.invoke(Method.java:580)
at org.openqa.selenium.support.pagefactory.internal.LocatingElementHandler.invoke(LocatingElementHandler.java:51)
at jdk.proxy2/jdk.proxy2.$Proxy30.sendKeys(Unknown Source)
at pages.LoginPage.enterDataForLogin(LoginPage.java:43)
at pages.LoginPage.enterExcelDataForLogin(LoginPage.java:81)
at stepDefinitions.Common_stepDef.user_enters_sheet(Common_stepDef.java:48)
at ✽.user enters sheet 'tryEditor' and 4(file:///C:/Users/manal_/git/DSAlgoTechTitans/DSAlgoPortal/src/test/resources/features/Tree.feature:232)
]]>
    </error>
  </testcase> <!-- runScenario -->
  <testcase classname="runner.ParallelTestRunner" name="runScenario" time="16.716">
    <error message="Keys to send should be a not null CharSequence" type="java.lang.IllegalArgumentException">
      <![CDATA[java.lang.IllegalArgumentException: Keys to send should be a not null CharSequence
at org.openqa.selenium.remote.RemoteWebElement.sendKeys(RemoteWebElement.java:96)
at java.base/jdk.internal.reflect.DirectMethodHandleAccessor.invoke(DirectMethodHandleAccessor.java:103)
at java.base/java.lang.reflect.Method.invoke(Method.java:580)
at org.openqa.selenium.support.pagefactory.internal.LocatingElementHandler.invoke(LocatingElementHandler.java:51)
at jdk.proxy2/jdk.proxy2.$Proxy30.sendKeys(Unknown Source)
at pages.LoginPage.enterDataForLogin(LoginPage.java:43)
at pages.LoginPage.enterExcelDataForLogin(LoginPage.java:81)
at stepDefinitions.Common_stepDef.user_enters_sheet(Common_stepDef.java:48)
at ✽.user enters sheet 'tryEditor' and 4(file:///C:/Users/manal_/git/DSAlgoTechTitans/DSAlgoPortal/src/test/resources/features/Tree.feature:142)
]]>
    </error>
  </testcase> <!-- runScenario -->
  <testcase classname="runner.ParallelTestRunner" name="runScenario" time="17.667">
    <error message="Keys to send should be a not null CharSequence" type="java.lang.IllegalArgumentException">
      <![CDATA[java.lang.IllegalArgumentException: Keys to send should be a not null CharSequence
at org.openqa.selenium.remote.RemoteWebElement.sendKeys(RemoteWebElement.java:96)
at java.base/jdk.internal.reflect.DirectMethodHandleAccessor.invoke(DirectMethodHandleAccessor.java:103)
at java.base/java.lang.reflect.Method.invoke(Method.java:580)
at org.openqa.selenium.support.pagefactory.internal.LocatingElementHandler.invoke(LocatingElementHandler.java:51)
at jdk.proxy2/jdk.proxy2.$Proxy30.sendKeys(Unknown Source)
at pages.LoginPage.enterDataForLogin(LoginPage.java:43)
at pages.LoginPage.enterExcelDataForLogin(LoginPage.java:81)
at stepDefinitions.Common_stepDef.user_enters_sheet(Common_stepDef.java:48)
at ✽.user enters sheet 'tryEditor' and 5(file:///C:/Users/manal_/git/DSAlgoTechTitans/DSAlgoPortal/src/test/resources/features/Tree.feature:187)
]]>
    </error>
  </testcase> <!-- runScenario -->
  <testcase classname="runner.ParallelTestRunner" name="runScenario" time="25.653">
    <error message="Keys to send should be a not null CharSequence" type="java.lang.IllegalArgumentException">
      <![CDATA[java.lang.IllegalArgumentException: Keys to send should be a not null CharSequence
at org.openqa.selenium.remote.RemoteWebElement.sendKeys(RemoteWebElement.java:96)
at java.base/jdk.internal.reflect.DirectMethodHandleAccessor.invoke(DirectMethodHandleAccessor.java:103)
at java.base/java.lang.reflect.Method.invoke(Method.java:580)
at org.openqa.selenium.support.pagefactory.internal.LocatingElementHandler.invoke(LocatingElementHandler.java:51)
at jdk.proxy2/jdk.proxy2.$Proxy30.sendKeys(Unknown Source)
at pages.LoginPage.enterDataForLogin(LoginPage.java:43)
at pages.LoginPage.enterExcelDataForLogin(LoginPage.java:81)
at stepDefinitions.Common_stepDef.user_enters_sheet(Common_stepDef.java:48)
at ✽.user enters sheet 'tryEditor' and 4(file:///C:/Users/manal_/git/DSAlgoTechTitans/DSAlgoPortal/src/test/resources/features/Tree.feature:112)
]]>
    </error>
  </testcase> <!-- runScenario -->
  <testcase classname="runner.ParallelTestRunner" name="runScenario" time="7.946"/>
  <testcase classname="runner.ParallelTestRunner" name="runScenario" time="12.933"/>
  <testcase classname="runner.ParallelTestRunner" name="runScenario" time="6.721">
    <error message="Keys to send should be a not null CharSequence" type="java.lang.IllegalArgumentException">
      <![CDATA[java.lang.IllegalArgumentException: Keys to send should be a not null CharSequence
at org.openqa.selenium.remote.RemoteWebElement.sendKeys(RemoteWebElement.java:96)
at java.base/jdk.internal.reflect.DirectMethodHandleAccessor.invoke(DirectMethodHandleAccessor.java:103)
at java.base/java.lang.reflect.Method.invoke(Method.java:580)
at org.openqa.selenium.support.pagefactory.internal.LocatingElementHandler.invoke(LocatingElementHandler.java:51)
at jdk.proxy2/jdk.proxy2.$Proxy30.sendKeys(Unknown Source)
at pages.LoginPage.enterDataForLogin(LoginPage.java:43)
at pages.LoginPage.enterExcelDataForLogin(LoginPage.java:81)
at stepDefinitions.Common_stepDef.user_enters_sheet(Common_stepDef.java:48)
at ✽.user enters sheet 'tryEditor' and 5(file:///C:/Users/manal_/git/DSAlgoTechTitans/DSAlgoPortal/src/test/resources/features/Tree.feature:397)
]]>
    </error>
  </testcase> <!-- runScenario -->
  <testcase classname="runner.ParallelTestRunner" name="runScenario" time="14.259">
    <error message="Keys to send should be a not null CharSequence" type="java.lang.IllegalArgumentException">
      <![CDATA[java.lang.IllegalArgumentException: Keys to send should be a not null CharSequence
at org.openqa.selenium.remote.RemoteWebElement.sendKeys(RemoteWebElement.java:96)
at java.base/jdk.internal.reflect.DirectMethodHandleAccessor.invoke(DirectMethodHandleAccessor.java:103)
at java.base/java.lang.reflect.Method.invoke(Method.java:580)
at org.openqa.selenium.support.pagefactory.internal.LocatingElementHandler.invoke(LocatingElementHandler.java:51)
at jdk.proxy2/jdk.proxy2.$Proxy30.sendKeys(Unknown Source)
at pages.LoginPage.enterDataForLogin(LoginPage.java:43)
at pages.LoginPage.enterExcelDataForLogin(LoginPage.java:81)
at stepDefinitions.Common_stepDef.user_enters_sheet(Common_stepDef.java:48)
at ✽.user enters sheet 'tryEditor' and 5(file:///C:/Users/manal_/git/DSAlgoTechTitans/DSAlgoPortal/src/test/resources/features/Tree.feature:217)
]]>
    </error>
  </testcase> <!-- runScenario -->
  <testcase classname="runner.ParallelTestRunner" name="runScenario" time="6.669"/>
  <testcase classname="runner.ParallelTestRunner" name="runScenario" time="9.100">
    <error type="java.lang.NullPointerException">
      <![CDATA[java.lang.NullPointerException
at java.base/java.util.Objects.requireNonNull(Objects.java:220)
at java.base/java.util.ImmutableCollections$Map1.<init>(ImmutableCollections.java:1112)
at java.base/java.util.Map.of(Map.java:1364)
at org.openqa.selenium.remote.DriverCommand.GET(DriverCommand.java:180)
at org.openqa.selenium.remote.RemoteWebDriver.get(RemoteWebDriver.java:300)
at stepDefinitions.Hooks.setUp(Hooks.java:31)
]]>
    </error>
  </testcase> <!-- runScenario -->
  <testcase classname="runner.ParallelTestRunner" name="runScenario" time="13.801">
    <error message="Keys to send should be a not null CharSequence" type="java.lang.IllegalArgumentException">
      <![CDATA[java.lang.IllegalArgumentException: Keys to send should be a not null CharSequence
at org.openqa.selenium.remote.RemoteWebElement.sendKeys(RemoteWebElement.java:96)
at java.base/jdk.internal.reflect.DirectMethodHandleAccessor.invoke(DirectMethodHandleAccessor.java:103)
at java.base/java.lang.reflect.Method.invoke(Method.java:580)
at org.openqa.selenium.support.pagefactory.internal.LocatingElementHandler.invoke(LocatingElementHandler.java:51)
at jdk.proxy2/jdk.proxy2.$Proxy30.sendKeys(Unknown Source)
at pages.LoginPage.enterDataForLogin(LoginPage.java:43)
at pages.LoginPage.enterExcelDataForLogin(LoginPage.java:81)
at stepDefinitions.Common_stepDef.user_enters_sheet(Common_stepDef.java:48)
at ✽.user enters sheet 'tryEditor' and 5(file:///C:/Users/manal_/git/DSAlgoTechTitans/DSAlgoPortal/src/test/resources/features/Tree.feature:307)
]]>
    </error>
  </testcase> <!-- runScenario -->
  <testcase classname="runner.ParallelTestRunner" name="runScenario" time="21.032"/>
  <testcase classname="runner.ParallelTestRunner" name="runScenario" time="11.929">
    <failure message="expected [New Account Created. You are logged in as techtitanstest5] but found [password_mismatch:The two password fields didn’t match.]" type="java.lang.AssertionError">
      <![CDATA[java.lang.AssertionError: expected [New Account Created. You are logged in as techtitanstest5] but found [password_mismatch:The two password fields didn’t match.]
at org.testng.Assert.fail(Assert.java:111)
at org.testng.Assert.failNotEquals(Assert.java:1578)
at org.testng.Assert.assertEqualsImpl(Assert.java:150)
at org.testng.Assert.assertEquals(Assert.java:132)
at org.testng.Assert.assertEquals(Assert.java:656)
at org.testng.Assert.assertEquals(Assert.java:666)
at pages.HomePage.validateMsgAfterRegistration(HomePage.java:86)
at pages.HomePage.validateMsgFromExcelAfterRegistration(HomePage.java:160)
at stepDefinitions.Register_stepDef.validate_success_msg_from_Excel_onHomePage(Register_stepDef.java:98)
at ✽.validate the message after registration from sheetname "register" and row 0 on home page(file:///C:/Users/manal_/git/DSAlgoTechTitans/DSAlgoPortal/src/test/resources/features/Register.feature:10)
]]>
    </failure>
  </testcase> <!-- runScenario -->
  <testcase classname="runner.ParallelTestRunner" name="runScenario" time="11.400">
    <error message="Keys to send should be a not null CharSequence" type="java.lang.IllegalArgumentException">
      <![CDATA[java.lang.IllegalArgumentException: Keys to send should be a not null CharSequence
at org.openqa.selenium.remote.RemoteWebElement.sendKeys(RemoteWebElement.java:96)
at java.base/jdk.internal.reflect.DirectMethodHandleAccessor.invoke(DirectMethodHandleAccessor.java:103)
at java.base/java.lang.reflect.Method.invoke(Method.java:580)
at org.openqa.selenium.support.pagefactory.internal.LocatingElementHandler.invoke(LocatingElementHandler.java:51)
at jdk.proxy2/jdk.proxy2.$Proxy30.sendKeys(Unknown Source)
at pages.LoginPage.enterDataForLogin(LoginPage.java:43)
at pages.LoginPage.enterExcelDataForLogin(LoginPage.java:81)
at stepDefinitions.Common_stepDef.user_enters_sheet(Common_stepDef.java:48)
at ✽.user enters sheet 'tryEditor' and 4(file:///C:/Users/manal_/git/DSAlgoTechTitans/DSAlgoPortal/src/test/resources/features/Tree.feature:82)
]]>
    </error>
  </testcase> <!-- runScenario -->
  <testcase classname="runner.ParallelTestRunner" name="runScenario" time="14.681"/>
  <testcase classname="runner.ParallelTestRunner" name="runScenario" time="9.417">
    <error message="Keys to send should be a not null CharSequence" type="java.lang.IllegalArgumentException">
      <![CDATA[java.lang.IllegalArgumentException: Keys to send should be a not null CharSequence
at org.openqa.selenium.remote.RemoteWebElement.sendKeys(RemoteWebElement.java:96)
at java.base/jdk.internal.reflect.DirectMethodHandleAccessor.invoke(DirectMethodHandleAccessor.java:103)
at java.base/java.lang.reflect.Method.invoke(Method.java:580)
at org.openqa.selenium.support.pagefactory.internal.LocatingElementHandler.invoke(LocatingElementHandler.java:51)
at jdk.proxy2/jdk.proxy2.$Proxy30.sendKeys(Unknown Source)
at pages.LoginPage.enterDataForLogin(LoginPage.java:43)
at pages.LoginPage.enterExcelDataForLogin(LoginPage.java:81)
at stepDefinitions.Common_stepDef.user_enters_sheet(Common_stepDef.java:48)
at ✽.user enters sheet 'tryEditor' and 5(file:///C:/Users/manal_/git/DSAlgoTechTitans/DSAlgoPortal/src/test/resources/features/Graph.feature:36)
]]>
    </error>
  </testcase> <!-- runScenario -->
  <testcase classname="runner.ParallelTestRunner" name="runScenario" time="21.203">
    <error message="Keys to send should be a not null CharSequence" type="java.lang.IllegalArgumentException">
      <![CDATA[java.lang.IllegalArgumentException: Keys to send should be a not null CharSequence
at org.openqa.selenium.remote.RemoteWebElement.sendKeys(RemoteWebElement.java:96)
at java.base/jdk.internal.reflect.DirectMethodHandleAccessor.invoke(DirectMethodHandleAccessor.java:103)
at java.base/java.lang.reflect.Method.invoke(Method.java:580)
at org.openqa.selenium.support.pagefactory.internal.LocatingElementHandler.invoke(LocatingElementHandler.java:51)
at jdk.proxy2/jdk.proxy2.$Proxy30.sendKeys(Unknown Source)
at pages.LoginPage.enterDataForLogin(LoginPage.java:43)
at pages.LoginPage.enterExcelDataForLogin(LoginPage.java:81)
at stepDefinitions.Common_stepDef.user_enters_sheet(Common_stepDef.java:48)
at ✽.user enters sheet 'tryEditor' and 4(file:///C:/Users/manal_/git/DSAlgoTechTitans/DSAlgoPortal/src/test/resources/features/Tree.feature:22)
]]>
    </error>
  </testcase> <!-- runScenario -->
  <testcase classname="runner.ParallelTestRunner" name="runScenario" time="5.930"/>
  <testcase classname="runner.ParallelTestRunner" name="runScenario" time="10.569">
    <error message="Keys to send should be a not null CharSequence" type="java.lang.IllegalArgumentException">
      <![CDATA[java.lang.IllegalArgumentException: Keys to send should be a not null CharSequence
at org.openqa.selenium.remote.RemoteWebElement.sendKeys(RemoteWebElement.java:96)
at java.base/jdk.internal.reflect.DirectMethodHandleAccessor.invoke(DirectMethodHandleAccessor.java:103)
at java.base/java.lang.reflect.Method.invoke(Method.java:580)
at org.openqa.selenium.support.pagefactory.internal.LocatingElementHandler.invoke(LocatingElementHandler.java:51)
at jdk.proxy2/jdk.proxy2.$Proxy30.sendKeys(Unknown Source)
at pages.LoginPage.enterDataForLogin(LoginPage.java:43)
at pages.LoginPage.enterExcelDataForLogin(LoginPage.java:81)
at stepDefinitions.Common_stepDef.user_enters_sheet(Common_stepDef.java:48)
at ✽.user enters sheet 'tryEditor' and 5(file:///C:/Users/manal_/git/DSAlgoTechTitans/DSAlgoPortal/src/test/resources/features/Tree.feature:277)
]]>
    </error>
  </testcase> <!-- runScenario -->
  <testcase classname="runner.ParallelTestRunner" name="runScenario" time="8.790"/>
  <testcase classname="runner.ParallelTestRunner" name="runScenario" time="9.580">
    <error message="Keys to send should be a not null CharSequence" type="java.lang.IllegalArgumentException">
      <![CDATA[java.lang.IllegalArgumentException: Keys to send should be a not null CharSequence
at org.openqa.selenium.remote.RemoteWebElement.sendKeys(RemoteWebElement.java:96)
at java.base/jdk.internal.reflect.DirectMethodHandleAccessor.invoke(DirectMethodHandleAccessor.java:103)
at java.base/java.lang.reflect.Method.invoke(Method.java:580)
at org.openqa.selenium.support.pagefactory.internal.LocatingElementHandler.invoke(LocatingElementHandler.java:51)
at jdk.proxy2/jdk.proxy2.$Proxy30.sendKeys(Unknown Source)
at pages.LoginPage.enterDataForLogin(LoginPage.java:43)
at pages.LoginPage.enterExcelDataForLogin(LoginPage.java:81)
at stepDefinitions.Common_stepDef.user_enters_sheet(Common_stepDef.java:48)
at ✽.user enters sheet 'tryEditor' and 5(file:///C:/Users/manal_/git/DSAlgoTechTitans/DSAlgoPortal/src/test/resources/features/Tree.feature:37)
]]>
    </error>
  </testcase> <!-- runScenario -->
  <testcase classname="runner.ParallelTestRunner" name="runScenario" time="16.147">
    <error type="java.lang.NullPointerException">
      <![CDATA[java.lang.NullPointerException
at java.base/java.io.File.<init>(File.java:278)
at utilities.ExcelReader.getData(ExcelReader.java:26)
at pages.CommonPage.try_python_script_excel(CommonPage.java:122)
at stepDefinitions.DataStructureIntro_stepDef.user_executes_pythonCode_from_Excel_successfully(DataStructureIntro_stepDef.java:70)
at ✽.user runs the code from  sheetname "tryEditor" and row number 1(file:///C:/Users/manal_/git/DSAlgoTechTitans/DSAlgoPortal/src/test/resources/features/DataStructureIntroduction.feature:67)
]]>
    </error>
  </testcase> <!-- runScenario -->
</testsuite> <!-- runner.ParallelTestRunner -->
