<?xml version="1.0" encoding="UTF-8"?>
<!-- Generated by org.testng.reporters.JUnitReportReporter -->
<testsuite hostname="Mahesh_PC" failures="0" tests="7" name="runner.TestRunner" time="29.662" errors="0" timestamp="2024-07-13T01:46:15 CDT" skipped="0">
  <testcase classname="runner.TestRunner" name="runScenario" time="2.503"/>
  <testcase classname="runner.TestRunner" name="runScenario" time="2.202"/>
  <testcase classname="runner.TestRunner" name="runScenario" time="2.502"/>
  <testcase classname="runner.TestRunner" name="runScenario" time="3.157"/>
  <testcase classname="runner.TestRunner" name="runScenario" time="2.644"/>
  <testcase classname="runner.TestRunner" name="runScenario" time="14.083"/>
  <testcase classname="runner.TestRunner" name="runScenario" time="2.571"/>
</testsuite> <!-- runner.TestRunner -->
