<?xml version="1.0" encoding="UTF-8"?>
<testng-results ignored="0" total="9" passed="8" failed="1" skipped="0">
  <reporter-output>
  </reporter-output>
  <suite started-at="2024-07-12T02:27:21 CDT" name="Default suite" finished-at="2024-07-12T02:27:47 CDT" duration-ms="25752">
    <groups>
      <group name="cucumber">
        <method signature="AbstractTestNGCucumberTests.runScenario(io.cucumber.testng.PickleWrapper,io.cucumber.testng.FeatureWrapper)[pri:0, instance:runner.TestRunner@26b3fd41]" name="runScenario" class="io.cucumber.testng.AbstractTestNGCucumberTests"/>
      </group> <!-- cucumber -->
    </groups>
    <test started-at="2024-07-12T02:27:21 CDT" name="Default test" finished-at="2024-07-12T02:27:47 CDT" duration-ms="25752">
      <class name="runner.TestRunner">
        <test-method is-config="true" signature="setUpClass(org.testng.ITestContext)[pri:0, instance:runner.TestRunner@26b3fd41]" started-at="2024-07-12T02:27:21 CDT" name="setUpClass" finished-at="2024-07-12T02:27:21 CDT" duration-ms="621" status="PASS">
          <params>
            <param index="0">
              <value>
                <![CDATA[org.testng.TestRunner@16e4db59]]>
              </value>
            </param>
          </params>
          <reporter-output>
          </reporter-output>
        </test-method> <!-- setUpClass -->
        <test-method signature="runScenario(io.cucumber.testng.PickleWrapper,io.cucumber.testng.FeatureWrapper)[pri:0, instance:runner.TestRunner@26b3fd41]" started-at="2024-07-12T02:27:21 CDT" name="runScenario" description="Runs Cucumber Scenarios" data-provider="scenarios" finished-at="2024-07-12T02:27:25 CDT" duration-ms="4001" status="FAIL">
          <params>
            <param index="0">
              <value>
                <![CDATA["Registration successful with valid credentials"]]>
              </value>
            </param>
            <param index="1">
              <value>
                <![CDATA["DSAlgo Portal Register Page Verification"]]>
              </value>
            </param>
          </params>
          <exception class="java.lang.AssertionError">
            <message>
              <![CDATA[expected [New Account Created. You are logged in as techtitanstest5] but found [password_mismatch:The two password fields didn’t match.]]]>
            </message>
            <full-stacktrace>
              <![CDATA[java.lang.AssertionError: expected [New Account Created. You are logged in as techtitanstest5] but found [password_mismatch:The two password fields didn’t match.]
at org.testng.Assert.fail(Assert.java:111)
at org.testng.Assert.failNotEquals(Assert.java:1578)
at org.testng.Assert.assertEqualsImpl(Assert.java:150)
at org.testng.Assert.assertEquals(Assert.java:132)
at org.testng.Assert.assertEquals(Assert.java:656)
at org.testng.Assert.assertEquals(Assert.java:666)
at pages.HomePage.validateMsgAfterRegistration(HomePage.java:86)
at pages.HomePage.validateMsgFromExcelAfterRegistration(HomePage.java:160)
at stepDefinitions.Register_stepDef.validate_success_msg_from_Excel_onHomePage(Register_stepDef.java:98)
at ✽.validate the message after registration from sheetname "register" and row 0 on home page(file:///C:/Users/manal_/git/DSAlgoPortal/DSAlgoPortal/src/test/resources/features/Register.feature:10)
]]>
            </full-stacktrace>
          </exception> <!-- java.lang.AssertionError -->
          <reporter-output>
          </reporter-output>
        </test-method> <!-- runScenario -->
        <test-method signature="runScenario(io.cucumber.testng.PickleWrapper,io.cucumber.testng.FeatureWrapper)[pri:0, instance:runner.TestRunner@26b3fd41]" started-at="2024-07-12T02:27:25 CDT" name="runScenario" description="Runs Cucumber Scenarios" data-provider="scenarios" finished-at="2024-07-12T02:27:28 CDT" duration-ms="2292" status="PASS">
          <params>
            <param index="0">
              <value>
                <![CDATA["Register with empty fields"]]>
              </value>
            </param>
            <param index="1">
              <value>
                <![CDATA["DSAlgo Portal Register Page Verification"]]>
              </value>
            </param>
          </params>
          <reporter-output>
          </reporter-output>
        </test-method> <!-- runScenario -->
        <test-method signature="runScenario(io.cucumber.testng.PickleWrapper,io.cucumber.testng.FeatureWrapper)[pri:0, instance:runner.TestRunner@26b3fd41]" started-at="2024-07-12T02:27:28 CDT" name="runScenario" description="Runs Cucumber Scenarios" data-provider="scenarios" finished-at="2024-07-12T02:27:30 CDT" duration-ms="2346" status="PASS">
          <params>
            <param index="0">
              <value>
                <![CDATA["Register with empty fields"]]>
              </value>
            </param>
            <param index="1">
              <value>
                <![CDATA["DSAlgo Portal Register Page Verification"]]>
              </value>
            </param>
          </params>
          <reporter-output>
          </reporter-output>
        </test-method> <!-- runScenario -->
        <test-method signature="runScenario(io.cucumber.testng.PickleWrapper,io.cucumber.testng.FeatureWrapper)[pri:0, instance:runner.TestRunner@26b3fd41]" started-at="2024-07-12T02:27:30 CDT" name="runScenario" description="Runs Cucumber Scenarios" data-provider="scenarios" finished-at="2024-07-12T02:27:32 CDT" duration-ms="2342" status="PASS">
          <params>
            <param index="0">
              <value>
                <![CDATA["Register with empty fields"]]>
              </value>
            </param>
            <param index="1">
              <value>
                <![CDATA["DSAlgo Portal Register Page Verification"]]>
              </value>
            </param>
          </params>
          <reporter-output>
          </reporter-output>
        </test-method> <!-- runScenario -->
        <test-method signature="runScenario(io.cucumber.testng.PickleWrapper,io.cucumber.testng.FeatureWrapper)[pri:0, instance:runner.TestRunner@26b3fd41]" started-at="2024-07-12T02:27:32 CDT" name="runScenario" description="Runs Cucumber Scenarios" data-provider="scenarios" finished-at="2024-07-12T02:27:35 CDT" duration-ms="2840" status="PASS">
          <params>
            <param index="0">
              <value>
                <![CDATA["Register with invalid data"]]>
              </value>
            </param>
            <param index="1">
              <value>
                <![CDATA["DSAlgo Portal Register Page Verification"]]>
              </value>
            </param>
          </params>
          <reporter-output>
          </reporter-output>
        </test-method> <!-- runScenario -->
        <test-method signature="runScenario(io.cucumber.testng.PickleWrapper,io.cucumber.testng.FeatureWrapper)[pri:0, instance:runner.TestRunner@26b3fd41]" started-at="2024-07-12T02:27:35 CDT" name="runScenario" description="Runs Cucumber Scenarios" data-provider="scenarios" finished-at="2024-07-12T02:27:38 CDT" duration-ms="2526" status="PASS">
          <params>
            <param index="0">
              <value>
                <![CDATA["Register with invalid data"]]>
              </value>
            </param>
            <param index="1">
              <value>
                <![CDATA["DSAlgo Portal Register Page Verification"]]>
              </value>
            </param>
          </params>
          <reporter-output>
          </reporter-output>
        </test-method> <!-- runScenario -->
        <test-method signature="runScenario(io.cucumber.testng.PickleWrapper,io.cucumber.testng.FeatureWrapper)[pri:0, instance:runner.TestRunner@26b3fd41]" started-at="2024-07-12T02:27:38 CDT" name="runScenario" description="Runs Cucumber Scenarios" data-provider="scenarios" finished-at="2024-07-12T02:27:41 CDT" duration-ms="2766" status="PASS">
          <params>
            <param index="0">
              <value>
                <![CDATA["Register with invalid data"]]>
              </value>
            </param>
            <param index="1">
              <value>
                <![CDATA["DSAlgo Portal Register Page Verification"]]>
              </value>
            </param>
          </params>
          <reporter-output>
          </reporter-output>
        </test-method> <!-- runScenario -->
        <test-method signature="runScenario(io.cucumber.testng.PickleWrapper,io.cucumber.testng.FeatureWrapper)[pri:0, instance:runner.TestRunner@26b3fd41]" started-at="2024-07-12T02:27:41 CDT" name="runScenario" description="Runs Cucumber Scenarios" data-provider="scenarios" finished-at="2024-07-12T02:27:43 CDT" duration-ms="2780" status="PASS">
          <params>
            <param index="0">
              <value>
                <![CDATA["Register with invalid data"]]>
              </value>
            </param>
            <param index="1">
              <value>
                <![CDATA["DSAlgo Portal Register Page Verification"]]>
              </value>
            </param>
          </params>
          <reporter-output>
          </reporter-output>
        </test-method> <!-- runScenario -->
        <test-method signature="runScenario(io.cucumber.testng.PickleWrapper,io.cucumber.testng.FeatureWrapper)[pri:0, instance:runner.TestRunner@26b3fd41]" started-at="2024-07-12T02:27:43 CDT" name="runScenario" description="Runs Cucumber Scenarios" data-provider="scenarios" finished-at="2024-07-12T02:27:46 CDT" duration-ms="2918" status="PASS">
          <params>
            <param index="0">
              <value>
                <![CDATA["Login link on Register page"]]>
              </value>
            </param>
            <param index="1">
              <value>
                <![CDATA["DSAlgo Portal Register Page Verification"]]>
              </value>
            </param>
          </params>
          <reporter-output>
          </reporter-output>
        </test-method> <!-- runScenario -->
        <test-method is-config="true" signature="tearDownClass()[pri:0, instance:runner.TestRunner@26b3fd41]" started-at="2024-07-12T02:27:46 CDT" name="tearDownClass" finished-at="2024-07-12T02:27:47 CDT" duration-ms="273" status="PASS">
          <reporter-output>
          </reporter-output>
        </test-method> <!-- tearDownClass -->
      </class> <!-- runner.TestRunner -->
    </test> <!-- Default test -->
  </suite> <!-- Default suite -->
</testng-results>
