<?xml version="1.0" encoding="UTF-8"?>
<testng-results ignored="0" total="7" passed="1" failed="6" skipped="0">
  <reporter-output>
  </reporter-output>
  <suite started-at="2024-07-02T14:25:09 CDT" name="Default suite" finished-at="2024-07-02T14:25:31 CDT" duration-ms="21512">
    <groups>
      <group name="cucumber">
        <method signature="AbstractTestNGCucumberTests.runScenario(io.cucumber.testng.PickleWrapper,io.cucumber.testng.FeatureWrapper)[pri:0, instance:runner.TestRunner@268f106e]" name="runScenario" class="io.cucumber.testng.AbstractTestNGCucumberTests"/>
      </group> <!-- cucumber -->
    </groups>
    <test started-at="2024-07-02T14:25:09 CDT" name="Default test" finished-at="2024-07-02T14:25:31 CDT" duration-ms="21512">
      <class name="runner.TestRunner">
        <test-method is-config="true" signature="setUpClass(org.testng.ITestContext)[pri:0, instance:runner.TestRunner@268f106e]" started-at="2024-07-02T14:25:09 CDT" name="setUpClass" finished-at="2024-07-02T14:25:10 CDT" duration-ms="748" status="PASS">
          <params>
            <param index="0">
              <value>
                <![CDATA[org.testng.TestRunner@21b6c9c2]]>
              </value>
            </param>
          </params>
          <reporter-output>
          </reporter-output>
        </test-method> <!-- setUpClass -->
        <test-method signature="runScenario(io.cucumber.testng.PickleWrapper,io.cucumber.testng.FeatureWrapper)[pri:0, instance:runner.TestRunner@268f106e]" started-at="2024-07-02T14:25:10 CDT" name="runScenario" description="Runs Cucumber Scenarios" data-provider="scenarios" finished-at="2024-07-02T14:25:14 CDT" duration-ms="3668" status="FAIL">
          <params>
            <param index="0">
              <value>
                <![CDATA["Sign In successful with valid credentials"]]>
              </value>
            </param>
            <param index="1">
              <value>
                <![CDATA["DSAlgo Portal Login Verification"]]>
              </value>
            </param>
          </params>
          <exception class="java.io.FileNotFoundException">
            <message>
              <![CDATA[C:\Users\manal_\git\DSAlgoPortal\DSAlgoPortal\src\test\resources\ExcelTestData\LoginData.xlsx]]>
            </message>
            <full-stacktrace>
              <![CDATA[java.io.FileNotFoundException: C:\Users\manal_\git\DSAlgoPortal\DSAlgoPortal\src\test\resources\ExcelTestData\LoginData.xlsx
at org.apache.poi.ss.usermodel.WorkbookFactory.create(WorkbookFactory.java:302)
at org.apache.poi.ss.usermodel.WorkbookFactory.create(WorkbookFactory.java:277)
at org.apache.poi.ss.usermodel.WorkbookFactory.create(WorkbookFactory.java:255)
at utilities.ExcelReader.getData(ExcelReader.java:26)
at pages.LoginPage.enterExcelDataForLogin(LoginPage.java:91)
at stepDefinitions.Common_stepDef.user_enters_sheet(Common_stepDef.java:36)
at ✽.user enters sheet "login" and 0(file:///C:/Users/leela/git/DSAlgoPortal/DSAlgoPortal/src/test/resources/features/Login.feature:8)
]]>
            </full-stacktrace>
          </exception> <!-- java.io.FileNotFoundException -->
          <reporter-output>
          </reporter-output>
        </test-method> <!-- runScenario -->
        <test-method signature="runScenario(io.cucumber.testng.PickleWrapper,io.cucumber.testng.FeatureWrapper)[pri:0, instance:runner.TestRunner@268f106e]" started-at="2024-07-02T14:25:14 CDT" name="runScenario" description="Runs Cucumber Scenarios" data-provider="scenarios" finished-at="2024-07-02T14:25:16 CDT" duration-ms="2852" status="FAIL">
          <params>
            <param index="0">
              <value>
                <![CDATA["Sign In successful with valid credentials"]]>
              </value>
            </param>
            <param index="1">
              <value>
                <![CDATA["DSAlgo Portal Login Verification"]]>
              </value>
            </param>
          </params>
          <exception class="java.io.FileNotFoundException">
            <message>
              <![CDATA[C:\Users\manal_\git\DSAlgoPortal\DSAlgoPortal\src\test\resources\ExcelTestData\LoginData.xlsx]]>
            </message>
            <full-stacktrace>
              <![CDATA[java.io.FileNotFoundException: C:\Users\manal_\git\DSAlgoPortal\DSAlgoPortal\src\test\resources\ExcelTestData\LoginData.xlsx
at org.apache.poi.ss.usermodel.WorkbookFactory.create(WorkbookFactory.java:302)
at org.apache.poi.ss.usermodel.WorkbookFactory.create(WorkbookFactory.java:277)
at org.apache.poi.ss.usermodel.WorkbookFactory.create(WorkbookFactory.java:255)
at utilities.ExcelReader.getData(ExcelReader.java:26)
at pages.LoginPage.enterExcelDataForLogin(LoginPage.java:91)
at stepDefinitions.Common_stepDef.user_enters_sheet(Common_stepDef.java:36)
at ✽.user enters sheet "login" and 1(file:///C:/Users/leela/git/DSAlgoPortal/DSAlgoPortal/src/test/resources/features/Login.feature:8)
]]>
            </full-stacktrace>
          </exception> <!-- java.io.FileNotFoundException -->
          <reporter-output>
          </reporter-output>
        </test-method> <!-- runScenario -->
        <test-method signature="runScenario(io.cucumber.testng.PickleWrapper,io.cucumber.testng.FeatureWrapper)[pri:0, instance:runner.TestRunner@268f106e]" started-at="2024-07-02T14:25:16 CDT" name="runScenario" description="Runs Cucumber Scenarios" data-provider="scenarios" finished-at="2024-07-02T14:25:19 CDT" duration-ms="2759" status="FAIL">
          <params>
            <param index="0">
              <value>
                <![CDATA["Validate Sign In with empty credentials"]]>
              </value>
            </param>
            <param index="1">
              <value>
                <![CDATA["DSAlgo Portal Login Verification"]]>
              </value>
            </param>
          </params>
          <exception class="java.io.FileNotFoundException">
            <message>
              <![CDATA[C:\Users\manal_\git\DSAlgoPortal\DSAlgoPortal\src\test\resources\ExcelTestData\LoginData.xlsx]]>
            </message>
            <full-stacktrace>
              <![CDATA[java.io.FileNotFoundException: C:\Users\manal_\git\DSAlgoPortal\DSAlgoPortal\src\test\resources\ExcelTestData\LoginData.xlsx
at org.apache.poi.ss.usermodel.WorkbookFactory.create(WorkbookFactory.java:302)
at org.apache.poi.ss.usermodel.WorkbookFactory.create(WorkbookFactory.java:277)
at org.apache.poi.ss.usermodel.WorkbookFactory.create(WorkbookFactory.java:255)
at utilities.ExcelReader.getData(ExcelReader.java:26)
at pages.LoginPage.enterExcelDataForLogin(LoginPage.java:91)
at stepDefinitions.Common_stepDef.user_enters_sheet(Common_stepDef.java:36)
at ✽.user enters sheet "login" and 2(file:///C:/Users/leela/git/DSAlgoPortal/DSAlgoPortal/src/test/resources/features/Login.feature:21)
]]>
            </full-stacktrace>
          </exception> <!-- java.io.FileNotFoundException -->
          <reporter-output>
          </reporter-output>
        </test-method> <!-- runScenario -->
        <test-method signature="runScenario(io.cucumber.testng.PickleWrapper,io.cucumber.testng.FeatureWrapper)[pri:0, instance:runner.TestRunner@268f106e]" started-at="2024-07-02T14:25:19 CDT" name="runScenario" description="Runs Cucumber Scenarios" data-provider="scenarios" finished-at="2024-07-02T14:25:22 CDT" duration-ms="2857" status="FAIL">
          <params>
            <param index="0">
              <value>
                <![CDATA["Validate Sign In with empty credentials"]]>
              </value>
            </param>
            <param index="1">
              <value>
                <![CDATA["DSAlgo Portal Login Verification"]]>
              </value>
            </param>
          </params>
          <exception class="java.io.FileNotFoundException">
            <message>
              <![CDATA[C:\Users\manal_\git\DSAlgoPortal\DSAlgoPortal\src\test\resources\ExcelTestData\LoginData.xlsx]]>
            </message>
            <full-stacktrace>
              <![CDATA[java.io.FileNotFoundException: C:\Users\manal_\git\DSAlgoPortal\DSAlgoPortal\src\test\resources\ExcelTestData\LoginData.xlsx
at org.apache.poi.ss.usermodel.WorkbookFactory.create(WorkbookFactory.java:302)
at org.apache.poi.ss.usermodel.WorkbookFactory.create(WorkbookFactory.java:277)
at org.apache.poi.ss.usermodel.WorkbookFactory.create(WorkbookFactory.java:255)
at utilities.ExcelReader.getData(ExcelReader.java:26)
at pages.LoginPage.enterExcelDataForLogin(LoginPage.java:91)
at stepDefinitions.Common_stepDef.user_enters_sheet(Common_stepDef.java:36)
at ✽.user enters sheet "login" and 3(file:///C:/Users/leela/git/DSAlgoPortal/DSAlgoPortal/src/test/resources/features/Login.feature:21)
]]>
            </full-stacktrace>
          </exception> <!-- java.io.FileNotFoundException -->
          <reporter-output>
          </reporter-output>
        </test-method> <!-- runScenario -->
        <test-method signature="runScenario(io.cucumber.testng.PickleWrapper,io.cucumber.testng.FeatureWrapper)[pri:0, instance:runner.TestRunner@268f106e]" started-at="2024-07-02T14:25:22 CDT" name="runScenario" description="Runs Cucumber Scenarios" data-provider="scenarios" finished-at="2024-07-02T14:25:25 CDT" duration-ms="2793" status="FAIL">
          <params>
            <param index="0">
              <value>
                <![CDATA["Validate Sign In with invalid credentials"]]>
              </value>
            </param>
            <param index="1">
              <value>
                <![CDATA["DSAlgo Portal Login Verification"]]>
              </value>
            </param>
          </params>
          <exception class="java.io.FileNotFoundException">
            <message>
              <![CDATA[C:\Users\manal_\git\DSAlgoPortal\DSAlgoPortal\src\test\resources\ExcelTestData\LoginData.xlsx]]>
            </message>
            <full-stacktrace>
              <![CDATA[java.io.FileNotFoundException: C:\Users\manal_\git\DSAlgoPortal\DSAlgoPortal\src\test\resources\ExcelTestData\LoginData.xlsx
at org.apache.poi.ss.usermodel.WorkbookFactory.create(WorkbookFactory.java:302)
at org.apache.poi.ss.usermodel.WorkbookFactory.create(WorkbookFactory.java:277)
at org.apache.poi.ss.usermodel.WorkbookFactory.create(WorkbookFactory.java:255)
at utilities.ExcelReader.getData(ExcelReader.java:26)
at pages.LoginPage.enterExcelDataForLogin(LoginPage.java:91)
at stepDefinitions.Common_stepDef.user_enters_sheet(Common_stepDef.java:36)
at ✽.user enters sheet "login" and 4(file:///C:/Users/leela/git/DSAlgoPortal/DSAlgoPortal/src/test/resources/features/Login.feature:34)
]]>
            </full-stacktrace>
          </exception> <!-- java.io.FileNotFoundException -->
          <reporter-output>
          </reporter-output>
        </test-method> <!-- runScenario -->
        <test-method signature="runScenario(io.cucumber.testng.PickleWrapper,io.cucumber.testng.FeatureWrapper)[pri:0, instance:runner.TestRunner@268f106e]" started-at="2024-07-02T14:25:25 CDT" name="runScenario" description="Runs Cucumber Scenarios" data-provider="scenarios" finished-at="2024-07-02T14:25:28 CDT" duration-ms="2787" status="FAIL">
          <params>
            <param index="0">
              <value>
                <![CDATA["Validate Sign In with invalid credentials"]]>
              </value>
            </param>
            <param index="1">
              <value>
                <![CDATA["DSAlgo Portal Login Verification"]]>
              </value>
            </param>
          </params>
          <exception class="java.io.FileNotFoundException">
            <message>
              <![CDATA[C:\Users\manal_\git\DSAlgoPortal\DSAlgoPortal\src\test\resources\ExcelTestData\LoginData.xlsx]]>
            </message>
            <full-stacktrace>
              <![CDATA[java.io.FileNotFoundException: C:\Users\manal_\git\DSAlgoPortal\DSAlgoPortal\src\test\resources\ExcelTestData\LoginData.xlsx
at org.apache.poi.ss.usermodel.WorkbookFactory.create(WorkbookFactory.java:302)
at org.apache.poi.ss.usermodel.WorkbookFactory.create(WorkbookFactory.java:277)
at org.apache.poi.ss.usermodel.WorkbookFactory.create(WorkbookFactory.java:255)
at utilities.ExcelReader.getData(ExcelReader.java:26)
at pages.LoginPage.enterExcelDataForLogin(LoginPage.java:91)
at stepDefinitions.Common_stepDef.user_enters_sheet(Common_stepDef.java:36)
at ✽.user enters sheet "login" and 5(file:///C:/Users/leela/git/DSAlgoPortal/DSAlgoPortal/src/test/resources/features/Login.feature:34)
]]>
            </full-stacktrace>
          </exception> <!-- java.io.FileNotFoundException -->
          <reporter-output>
          </reporter-output>
        </test-method> <!-- runScenario -->
        <test-method signature="runScenario(io.cucumber.testng.PickleWrapper,io.cucumber.testng.FeatureWrapper)[pri:0, instance:runner.TestRunner@268f106e]" started-at="2024-07-02T14:25:28 CDT" name="runScenario" description="Runs Cucumber Scenarios" data-provider="scenarios" finished-at="2024-07-02T14:25:31 CDT" duration-ms="2951" status="PASS">
          <params>
            <param index="0">
              <value>
                <![CDATA["Verify Register link on Login page"]]>
              </value>
            </param>
            <param index="1">
              <value>
                <![CDATA["DSAlgo Portal Login Verification"]]>
              </value>
            </param>
          </params>
          <reporter-output>
          </reporter-output>
        </test-method> <!-- runScenario -->
        <test-method is-config="true" signature="tearDownClass()[pri:0, instance:runner.TestRunner@268f106e]" started-at="2024-07-02T14:25:31 CDT" name="tearDownClass" finished-at="2024-07-02T14:25:31 CDT" duration-ms="19" status="PASS">
          <reporter-output>
          </reporter-output>
        </test-method> <!-- tearDownClass -->
      </class> <!-- runner.TestRunner -->
    </test> <!-- Default test -->
  </suite> <!-- Default suite -->
</testng-results>
