<?xml version="1.0" encoding="UTF-8"?>
<!-- Generated by org.testng.reporters.JUnitXMLReporter -->
<testsuite ignored="0" hostname="Mahesh_PC" failures="6" tests="34" name="Home" time="97.239" errors="0" timestamp="2024-07-10T16:59:19 CDT">
  <testcase classname="io.cucumber.testng.AbstractTestNGCucumberTests" name="runScenario" time="2.88"/>
  <testcase classname="io.cucumber.testng.AbstractTestNGCucumberTests" name="runScenario" time="3.002"/>
  <testcase classname="io.cucumber.testng.AbstractTestNGCucumberTests" name="runScenario" time="3.237"/>
  <testcase classname="io.cucumber.testng.AbstractTestNGCucumberTests" name="runScenario" time="3.266"/>
  <testcase classname="io.cucumber.testng.AbstractTestNGCucumberTests" name="runScenario" time="3.257"/>
  <testcase classname="io.cucumber.testng.AbstractTestNGCucumberTests" name="runScenario" time="3.298"/>
  <testcase classname="io.cucumber.testng.AbstractTestNGCucumberTests" name="runScenario" time="3.137">
    <failure type="java.lang.NullPointerException" message="Cannot invoke &amp;quot;pages.CommonPage.click_tryhere_with_timeout(org.openqa.selenium.WebDriver, int)&amp;quot; because &amp;quot;this.commonPage&amp;quot; is null">
      <![CDATA[java.lang.NullPointerException: Cannot invoke "pages.CommonPage.click_tryhere_with_timeout(org.openqa.selenium.WebDriver, int)" because "this.commonPage" is null
at stepDefinitions.DataStructureIntro_stepDef.user_clicks_on_try_here_button_on_time_complexity_page(DataStructureIntro_stepDef.java:43)
at ✽.user clicks on Try Here button on Time Complexity page(file:///C:/Users/manal_/git/DSAlgoPortal/DSAlgoPortal/src/test/resources/features/DataStructureIntroduction.feature:55)
]]>
    </failure>
  </testcase> <!-- runScenario -->
  <testcase classname="io.cucumber.testng.AbstractTestNGCucumberTests" name="runScenario" time="2.985">
    <failure type="java.lang.NullPointerException" message="Cannot invoke &amp;quot;pages.CommonPage.click_tryhere_with_timeout(org.openqa.selenium.WebDriver, int)&amp;quot; because &amp;quot;this.commonPage&amp;quot; is null">
      <![CDATA[java.lang.NullPointerException: Cannot invoke "pages.CommonPage.click_tryhere_with_timeout(org.openqa.selenium.WebDriver, int)" because "this.commonPage" is null
at stepDefinitions.DataStructureIntro_stepDef.user_clicks_on_try_here_button_on_time_complexity_page(DataStructureIntro_stepDef.java:43)
at ✽.user clicks on Try Here button on Time Complexity page(file:///C:/Users/manal_/git/DSAlgoPortal/DSAlgoPortal/src/test/resources/features/DataStructureIntroduction.feature:55)
]]>
    </failure>
  </testcase> <!-- runScenario -->
  <testcase classname="io.cucumber.testng.AbstractTestNGCucumberTests" name="runScenario" time="3.321">
    <failure type="java.lang.NullPointerException" message="Cannot invoke &amp;quot;pages.CommonPage.click_tryhere_with_timeout(org.openqa.selenium.WebDriver, int)&amp;quot; because &amp;quot;this.commonPage&amp;quot; is null">
      <![CDATA[java.lang.NullPointerException: Cannot invoke "pages.CommonPage.click_tryhere_with_timeout(org.openqa.selenium.WebDriver, int)" because "this.commonPage" is null
at stepDefinitions.DataStructureIntro_stepDef.user_clicks_on_try_here_button_on_time_complexity_page(DataStructureIntro_stepDef.java:43)
at ✽.user clicks on Try Here button on Time Complexity page(file:///C:/Users/manal_/git/DSAlgoPortal/DSAlgoPortal/src/test/resources/features/DataStructureIntroduction.feature:70)
]]>
    </failure>
  </testcase> <!-- runScenario -->
  <testcase classname="io.cucumber.testng.AbstractTestNGCucumberTests" name="runScenario" time="3.155">
    <failure type="java.lang.NullPointerException" message="Cannot invoke &amp;quot;pages.CommonPage.click_tryhere_with_timeout(org.openqa.selenium.WebDriver, int)&amp;quot; because &amp;quot;this.commonPage&amp;quot; is null">
      <![CDATA[java.lang.NullPointerException: Cannot invoke "pages.CommonPage.click_tryhere_with_timeout(org.openqa.selenium.WebDriver, int)" because "this.commonPage" is null
at stepDefinitions.DataStructureIntro_stepDef.user_clicks_on_try_here_button_on_time_complexity_page(DataStructureIntro_stepDef.java:43)
at ✽.user clicks on Try Here button on Time Complexity page(file:///C:/Users/manal_/git/DSAlgoPortal/DSAlgoPortal/src/test/resources/features/DataStructureIntroduction.feature:85)
]]>
    </failure>
  </testcase> <!-- runScenario -->
  <testcase classname="io.cucumber.testng.AbstractTestNGCucumberTests" name="runScenario" time="3.212"/>
  <testcase classname="io.cucumber.testng.AbstractTestNGCucumberTests" name="runScenario" time="4.455"/>
  <testcase classname="io.cucumber.testng.AbstractTestNGCucumberTests" name="runScenario" time="4.674"/>
  <testcase classname="io.cucumber.testng.AbstractTestNGCucumberTests" name="runScenario" time="2.014"/>
  <testcase classname="io.cucumber.testng.AbstractTestNGCucumberTests" name="runScenario" time="2.23"/>
  <testcase classname="io.cucumber.testng.AbstractTestNGCucumberTests" name="runScenario" time="2.206"/>
  <testcase classname="io.cucumber.testng.AbstractTestNGCucumberTests" name="runScenario" time="2.206"/>
  <testcase classname="io.cucumber.testng.AbstractTestNGCucumberTests" name="runScenario" time="2.283"/>
  <testcase classname="io.cucumber.testng.AbstractTestNGCucumberTests" name="runScenario" time="2.756"/>
  <testcase classname="io.cucumber.testng.AbstractTestNGCucumberTests" name="runScenario" time="2.695"/>
  <testcase classname="io.cucumber.testng.AbstractTestNGCucumberTests" name="runScenario" time="2.648"/>
  <testcase classname="io.cucumber.testng.AbstractTestNGCucumberTests" name="runScenario" time="2.505"/>
  <testcase classname="io.cucumber.testng.AbstractTestNGCucumberTests" name="runScenario" time="2.794"/>
  <testcase classname="io.cucumber.testng.AbstractTestNGCucumberTests" name="runScenario" time="2.701"/>
  <testcase classname="io.cucumber.testng.AbstractTestNGCucumberTests" name="runScenario" time="2.455"/>
  <testcase classname="io.cucumber.testng.AbstractTestNGCucumberTests" name="runScenario" time="2.849">
    <failure type="java.lang.AssertionError" message="expected [New Account Created. You are logged in as techtitanstest5] but found [password_mismatch:The two password fields didn’t match.]">
      <![CDATA[java.lang.AssertionError: expected [New Account Created. You are logged in as techtitanstest5] but found [password_mismatch:The two password fields didn’t match.]
at pages.HomePage.validateMsgAfterRegistration(HomePage.java:86)
at pages.HomePage.validateMsgFromExcelAfterRegistration(HomePage.java:160)
at stepDefinitions.Register_stepDef.validate_success_msg_from_Excel_onHomePage(Register_stepDef.java:86)
at ✽.validate the message after registration from sheetname "register" and row 0 on home page(file:///C:/Users/manal_/git/DSAlgoPortal/DSAlgoPortal/src/test/resources/features/Register.feature:10)
... Removed 6 stack frames]]>
    </failure>
  </testcase> <!-- runScenario -->
  <testcase classname="io.cucumber.testng.AbstractTestNGCucumberTests" name="runScenario" time="2.618"/>
  <testcase classname="io.cucumber.testng.AbstractTestNGCucumberTests" name="runScenario" time="2.492"/>
  <testcase classname="io.cucumber.testng.AbstractTestNGCucumberTests" name="runScenario" time="2.475"/>
  <testcase classname="io.cucumber.testng.AbstractTestNGCucumberTests" name="runScenario" time="2.492"/>
  <testcase classname="io.cucumber.testng.AbstractTestNGCucumberTests" name="runScenario" time="3.36"/>
  <testcase classname="io.cucumber.testng.AbstractTestNGCucumberTests" name="runScenario" time="2.635"/>
  <testcase classname="io.cucumber.testng.AbstractTestNGCucumberTests" name="runScenario" time="2.709"/>
  <testcase classname="io.cucumber.testng.AbstractTestNGCucumberTests" name="runScenario" time="2.164">
    <failure type="java.lang.NullPointerException" message="Cannot invoke &amp;quot;pages.RegisterPage.clickLoginLink()&amp;quot; because &amp;quot;this.registerPage&amp;quot; is null">
      <![CDATA[java.lang.NullPointerException: Cannot invoke "pages.RegisterPage.clickLoginLink()" because "this.registerPage" is null
at stepDefinitions.Register_stepDef.navigateToLogin(Register_stepDef.java:93)
at ✽.user clicks on Login link(file:///C:/Users/manal_/git/DSAlgoPortal/DSAlgoPortal/src/test/resources/features/Register.feature:49)
]]>
    </failure>
  </testcase> <!-- runScenario -->
</testsuite> <!-- Home -->
